{"C:\\RP\\masterji\\mock_diagnostics\\index.js": {"path":"C:\\RP\\masterji\\mock_diagnostics\\index.js","statementMap":{"0":{"start":{"line":1,"column":16},"end":{"line":1,"column":34}},"1":{"start":{"line":2,"column":21},"end":{"line":2,"column":40}},"2":{"start":{"line":4,"column":12},"end":{"line":4,"column":26}},"3":{"start":{"line":5,"column":0},"end":{"line":7,"column":2}},"4":{"start":{"line":6,"column":4},"end":{"line":6,"column":38}}},"fnMap":{"0":{"name":"(anonymous_0)","decl":{"start":{"line":5,"column":17},"end":{"line":5,"column":18}},"loc":{"start":{"line":5,"column":23},"end":{"line":7,"column":1}},"line":5}},"branchMap":{},"s":{"0":0,"1":0,"2":0,"3":0,"4":0},"f":{"0":0},"b":{}}
,"C:\\RP\\masterji\\mock_diagnostics\\server.js": {"path":"C:\\RP\\masterji\\mock_diagnostics\\server.js","statementMap":{"0":{"start":{"line":1,"column":16},"end":{"line":1,"column":34}},"1":{"start":{"line":2,"column":15},"end":{"line":2,"column":34}},"2":{"start":{"line":5,"column":13},"end":{"line":5,"column":22}},"3":{"start":{"line":6,"column":1},"end":{"line":6,"column":24}},"4":{"start":{"line":7,"column":1},"end":{"line":7,"column":27}},"5":{"start":{"line":8,"column":1},"end":{"line":8,"column":11}},"6":{"start":{"line":11,"column":0},"end":{"line":11,"column":29}}},"fnMap":{"0":{"name":"createServer","decl":{"start":{"line":4,"column":9},"end":{"line":4,"column":21}},"loc":{"start":{"line":4,"column":24},"end":{"line":9,"column":1}},"line":4}},"branchMap":{},"s":{"0":1,"1":1,"2":1,"3":1,"4":1,"5":1,"6":1},"f":{"0":1},"b":{},"_coverageSchema":"1a1c01bbd47fc00a2c39e90264f33305004495a9","hash":"67da61f33f0dfb2790bd8f82b3d001586612a241"}
,"C:\\RP\\masterji\\mock_diagnostics\\server_backup.js": {"path":"C:\\RP\\masterji\\mock_diagnostics\\server_backup.js","statementMap":{"0":{"start":{"line":1,"column":16},"end":{"line":1,"column":34}},"1":{"start":{"line":2,"column":19},"end":{"line":2,"column":41}},"2":{"start":{"line":3,"column":12},"end":{"line":3,"column":21}},"3":{"start":{"line":4,"column":0},"end":{"line":4,"column":26}},"4":{"start":{"line":5,"column":13},"end":{"line":5,"column":17}},"5":{"start":{"line":7,"column":13},"end":{"line":7,"column":30}},"6":{"start":{"line":10,"column":13},"end":{"line":10,"column":28}},"7":{"start":{"line":11,"column":16},"end":{"line":11,"column":31}},"8":{"start":{"line":12,"column":9},"end":{"line":12,"column":11}},"9":{"start":{"line":13,"column":0},"end":{"line":13,"column":90}},"10":{"start":{"line":14,"column":0},"end":{"line":14,"column":86}},"11":{"start":{"line":15,"column":0},"end":{"line":15,"column":98}},"12":{"start":{"line":17,"column":0},"end":{"line":33,"column":2}},"13":{"start":{"line":18,"column":4},"end":{"line":32,"column":6}},"14":{"start":{"line":27,"column":8},"end":{"line":31,"column":9}},"15":{"start":{"line":28,"column":12},"end":{"line":28,"column":25}},"16":{"start":{"line":30,"column":12},"end":{"line":30,"column":29}},"17":{"start":{"line":37,"column":0},"end":{"line":47,"column":2}},"18":{"start":{"line":38,"column":4},"end":{"line":46,"column":5}},"19":{"start":{"line":39,"column":8},"end":{"line":39,"column":31}},"20":{"start":{"line":40,"column":8},"end":{"line":43,"column":10}},"21":{"start":{"line":41,"column":12},"end":{"line":41,"column":44}},"22":{"start":{"line":41,"column":21},"end":{"line":41,"column":44}},"23":{"start":{"line":42,"column":12},"end":{"line":42,"column":39}},"24":{"start":{"line":45,"column":8},"end":{"line":45,"column":33}},"25":{"start":{"line":48,"column":0},"end":{"line":57,"column":2}},"26":{"start":{"line":49,"column":4},"end":{"line":56,"column":5}},"27":{"start":{"line":50,"column":8},"end":{"line":53,"column":10}},"28":{"start":{"line":51,"column":12},"end":{"line":51,"column":44}},"29":{"start":{"line":51,"column":21},"end":{"line":51,"column":44}},"30":{"start":{"line":52,"column":12},"end":{"line":52,"column":39}},"31":{"start":{"line":55,"column":8},"end":{"line":55,"column":33}},"32":{"start":{"line":58,"column":0},"end":{"line":67,"column":2}},"33":{"start":{"line":59,"column":4},"end":{"line":66,"column":5}},"34":{"start":{"line":60,"column":8},"end":{"line":63,"column":10}},"35":{"start":{"line":61,"column":12},"end":{"line":61,"column":44}},"36":{"start":{"line":61,"column":21},"end":{"line":61,"column":44}},"37":{"start":{"line":62,"column":12},"end":{"line":62,"column":39}},"38":{"start":{"line":65,"column":8},"end":{"line":65,"column":33}},"39":{"start":{"line":68,"column":0},"end":{"line":77,"column":2}},"40":{"start":{"line":69,"column":4},"end":{"line":76,"column":5}},"41":{"start":{"line":70,"column":8},"end":{"line":73,"column":10}},"42":{"start":{"line":71,"column":12},"end":{"line":71,"column":44}},"43":{"start":{"line":71,"column":21},"end":{"line":71,"column":44}},"44":{"start":{"line":72,"column":12},"end":{"line":72,"column":39}},"45":{"start":{"line":75,"column":8},"end":{"line":75,"column":33}},"46":{"start":{"line":78,"column":0},"end":{"line":90,"column":2}},"47":{"start":{"line":79,"column":4},"end":{"line":89,"column":5}},"48":{"start":{"line":80,"column":8},"end":{"line":86,"column":10}},"49":{"start":{"line":81,"column":12},"end":{"line":85,"column":13}},"50":{"start":{"line":82,"column":16},"end":{"line":82,"column":39}},"51":{"start":{"line":84,"column":16},"end":{"line":84,"column":43}},"52":{"start":{"line":88,"column":8},"end":{"line":88,"column":33}},"53":{"start":{"line":91,"column":0},"end":{"line":103,"column":2}},"54":{"start":{"line":92,"column":4},"end":{"line":102,"column":5}},"55":{"start":{"line":93,"column":8},"end":{"line":99,"column":10}},"56":{"start":{"line":94,"column":12},"end":{"line":98,"column":13}},"57":{"start":{"line":95,"column":16},"end":{"line":95,"column":39}},"58":{"start":{"line":97,"column":16},"end":{"line":97,"column":43}},"59":{"start":{"line":101,"column":8},"end":{"line":101,"column":33}},"60":{"start":{"line":104,"column":0},"end":{"line":116,"column":2}},"61":{"start":{"line":105,"column":4},"end":{"line":115,"column":5}},"62":{"start":{"line":106,"column":8},"end":{"line":112,"column":10}},"63":{"start":{"line":107,"column":12},"end":{"line":111,"column":13}},"64":{"start":{"line":108,"column":16},"end":{"line":108,"column":39}},"65":{"start":{"line":110,"column":16},"end":{"line":110,"column":43}},"66":{"start":{"line":114,"column":8},"end":{"line":114,"column":33}},"67":{"start":{"line":121,"column":0},"end":{"line":131,"column":2}},"68":{"start":{"line":122,"column":4},"end":{"line":130,"column":5}},"69":{"start":{"line":123,"column":8},"end":{"line":123,"column":31}},"70":{"start":{"line":124,"column":8},"end":{"line":127,"column":10}},"71":{"start":{"line":125,"column":12},"end":{"line":125,"column":44}},"72":{"start":{"line":125,"column":21},"end":{"line":125,"column":44}},"73":{"start":{"line":126,"column":12},"end":{"line":126,"column":37}},"74":{"start":{"line":129,"column":8},"end":{"line":129,"column":33}},"75":{"start":{"line":132,"column":0},"end":{"line":141,"column":2}},"76":{"start":{"line":133,"column":4},"end":{"line":140,"column":5}},"77":{"start":{"line":134,"column":8},"end":{"line":137,"column":10}},"78":{"start":{"line":135,"column":12},"end":{"line":135,"column":44}},"79":{"start":{"line":135,"column":21},"end":{"line":135,"column":44}},"80":{"start":{"line":136,"column":12},"end":{"line":136,"column":37}},"81":{"start":{"line":139,"column":8},"end":{"line":139,"column":33}},"82":{"start":{"line":142,"column":0},"end":{"line":176,"column":2}},"83":{"start":{"line":143,"column":4},"end":{"line":175,"column":5}},"84":{"start":{"line":144,"column":29},"end":{"line":154,"column":9}},"85":{"start":{"line":155,"column":8},"end":{"line":155,"column":40}},"86":{"start":{"line":156,"column":8},"end":{"line":156,"column":52}},"87":{"start":{"line":157,"column":8},"end":{"line":157,"column":52}},"88":{"start":{"line":158,"column":8},"end":{"line":158,"column":52}},"89":{"start":{"line":159,"column":8},"end":{"line":159,"column":52}},"90":{"start":{"line":160,"column":8},"end":{"line":160,"column":52}},"91":{"start":{"line":161,"column":8},"end":{"line":161,"column":56}},"92":{"start":{"line":162,"column":8},"end":{"line":162,"column":48}},"93":{"start":{"line":163,"column":8},"end":{"line":163,"column":64}},"94":{"start":{"line":165,"column":8},"end":{"line":165,"column":36}},"95":{"start":{"line":166,"column":8},"end":{"line":172,"column":10}},"96":{"start":{"line":167,"column":12},"end":{"line":171,"column":13}},"97":{"start":{"line":168,"column":16},"end":{"line":168,"column":39}},"98":{"start":{"line":170,"column":16},"end":{"line":170,"column":41}},"99":{"start":{"line":174,"column":8},"end":{"line":174,"column":33}},"100":{"start":{"line":177,"column":0},"end":{"line":209,"column":2}},"101":{"start":{"line":178,"column":4},"end":{"line":208,"column":5}},"102":{"start":{"line":179,"column":27},"end":{"line":188,"column":9}},"103":{"start":{"line":190,"column":8},"end":{"line":190,"column":50}},"104":{"start":{"line":191,"column":8},"end":{"line":191,"column":50}},"105":{"start":{"line":192,"column":8},"end":{"line":192,"column":50}},"106":{"start":{"line":193,"column":8},"end":{"line":193,"column":50}},"107":{"start":{"line":194,"column":8},"end":{"line":194,"column":50}},"108":{"start":{"line":195,"column":8},"end":{"line":195,"column":54}},"109":{"start":{"line":196,"column":8},"end":{"line":196,"column":46}},"110":{"start":{"line":197,"column":8},"end":{"line":197,"column":62}},"111":{"start":{"line":199,"column":8},"end":{"line":205,"column":10}},"112":{"start":{"line":200,"column":12},"end":{"line":204,"column":13}},"113":{"start":{"line":201,"column":16},"end":{"line":201,"column":39}},"114":{"start":{"line":203,"column":16},"end":{"line":203,"column":41}},"115":{"start":{"line":207,"column":8},"end":{"line":207,"column":33}},"116":{"start":{"line":210,"column":0},"end":{"line":222,"column":2}},"117":{"start":{"line":211,"column":4},"end":{"line":221,"column":5}},"118":{"start":{"line":212,"column":8},"end":{"line":218,"column":10}},"119":{"start":{"line":213,"column":12},"end":{"line":217,"column":13}},"120":{"start":{"line":214,"column":16},"end":{"line":214,"column":39}},"121":{"start":{"line":216,"column":16},"end":{"line":216,"column":41}},"122":{"start":{"line":220,"column":8},"end":{"line":220,"column":33}},"123":{"start":{"line":227,"column":0},"end":{"line":237,"column":2}},"124":{"start":{"line":228,"column":4},"end":{"line":236,"column":5}},"125":{"start":{"line":229,"column":8},"end":{"line":229,"column":31}},"126":{"start":{"line":230,"column":8},"end":{"line":233,"column":10}},"127":{"start":{"line":231,"column":12},"end":{"line":231,"column":44}},"128":{"start":{"line":231,"column":21},"end":{"line":231,"column":44}},"129":{"start":{"line":232,"column":12},"end":{"line":232,"column":43}},"130":{"start":{"line":235,"column":8},"end":{"line":235,"column":33}},"131":{"start":{"line":238,"column":0},"end":{"line":247,"column":2}},"132":{"start":{"line":239,"column":4},"end":{"line":246,"column":5}},"133":{"start":{"line":240,"column":8},"end":{"line":243,"column":10}},"134":{"start":{"line":241,"column":12},"end":{"line":241,"column":44}},"135":{"start":{"line":241,"column":21},"end":{"line":241,"column":44}},"136":{"start":{"line":242,"column":12},"end":{"line":242,"column":43}},"137":{"start":{"line":245,"column":8},"end":{"line":245,"column":33}},"138":{"start":{"line":248,"column":0},"end":{"line":274,"column":2}},"139":{"start":{"line":249,"column":4},"end":{"line":273,"column":5}},"140":{"start":{"line":250,"column":30},"end":{"line":256,"column":9}},"141":{"start":{"line":257,"column":8},"end":{"line":257,"column":41}},"142":{"start":{"line":258,"column":8},"end":{"line":258,"column":51}},"143":{"start":{"line":259,"column":8},"end":{"line":259,"column":75}},"144":{"start":{"line":260,"column":8},"end":{"line":260,"column":75}},"145":{"start":{"line":261,"column":8},"end":{"line":261,"column":57}},"146":{"start":{"line":264,"column":8},"end":{"line":270,"column":10}},"147":{"start":{"line":265,"column":12},"end":{"line":269,"column":13}},"148":{"start":{"line":266,"column":16},"end":{"line":266,"column":39}},"149":{"start":{"line":268,"column":16},"end":{"line":268,"column":47}},"150":{"start":{"line":272,"column":8},"end":{"line":272,"column":33}},"151":{"start":{"line":275,"column":0},"end":{"line":299,"column":2}},"152":{"start":{"line":276,"column":4},"end":{"line":298,"column":5}},"153":{"start":{"line":277,"column":33},"end":{"line":282,"column":9}},"154":{"start":{"line":284,"column":8},"end":{"line":284,"column":54}},"155":{"start":{"line":285,"column":8},"end":{"line":285,"column":78}},"156":{"start":{"line":286,"column":8},"end":{"line":286,"column":78}},"157":{"start":{"line":287,"column":8},"end":{"line":287,"column":60}},"158":{"start":{"line":289,"column":8},"end":{"line":295,"column":10}},"159":{"start":{"line":290,"column":12},"end":{"line":294,"column":13}},"160":{"start":{"line":291,"column":16},"end":{"line":291,"column":39}},"161":{"start":{"line":293,"column":16},"end":{"line":293,"column":47}},"162":{"start":{"line":297,"column":8},"end":{"line":297,"column":33}},"163":{"start":{"line":300,"column":0},"end":{"line":312,"column":2}},"164":{"start":{"line":301,"column":4},"end":{"line":311,"column":5}},"165":{"start":{"line":302,"column":8},"end":{"line":308,"column":10}},"166":{"start":{"line":303,"column":12},"end":{"line":307,"column":13}},"167":{"start":{"line":304,"column":16},"end":{"line":304,"column":39}},"168":{"start":{"line":306,"column":16},"end":{"line":306,"column":47}},"169":{"start":{"line":310,"column":8},"end":{"line":310,"column":33}},"170":{"start":{"line":315,"column":0},"end":{"line":317,"column":2}},"171":{"start":{"line":316,"column":4},"end":{"line":316,"column":68}},"172":{"start":{"line":319,"column":0},"end":{"line":319,"column":20}}},"fnMap":{"0":{"name":"(anonymous_0)","decl":{"start":{"line":17,"column":13},"end":{"line":17,"column":14}},"loc":{"start":{"line":17,"column":27},"end":{"line":33,"column":1}},"line":17},"1":{"name":"(anonymous_1)","decl":{"start":{"line":26,"column":7},"end":{"line":26,"column":8}},"loc":{"start":{"line":26,"column":31},"end":{"line":32,"column":5}},"line":26},"2":{"name":"(anonymous_2)","decl":{"start":{"line":37,"column":25},"end":{"line":37,"column":26}},"loc":{"start":{"line":37,"column":45},"end":{"line":47,"column":1}},"line":37},"3":{"name":"(anonymous_3)","decl":{"start":{"line":40,"column":33},"end":{"line":40,"column":34}},"loc":{"start":{"line":40,"column":55},"end":{"line":43,"column":9}},"line":40},"4":{"name":"(anonymous_4)","decl":{"start":{"line":48,"column":29},"end":{"line":48,"column":30}},"loc":{"start":{"line":48,"column":49},"end":{"line":57,"column":1}},"line":48},"5":{"name":"(anonymous_5)","decl":{"start":{"line":50,"column":45},"end":{"line":50,"column":46}},"loc":{"start":{"line":50,"column":67},"end":{"line":53,"column":9}},"line":50},"6":{"name":"(anonymous_6)","decl":{"start":{"line":58,"column":42},"end":{"line":58,"column":43}},"loc":{"start":{"line":58,"column":62},"end":{"line":67,"column":1}},"line":58},"7":{"name":"(anonymous_7)","decl":{"start":{"line":60,"column":81},"end":{"line":60,"column":82}},"loc":{"start":{"line":60,"column":103},"end":{"line":63,"column":9}},"line":60},"8":{"name":"(anonymous_8)","decl":{"start":{"line":68,"column":33},"end":{"line":68,"column":34}},"loc":{"start":{"line":68,"column":53},"end":{"line":77,"column":1}},"line":68},"9":{"name":"(anonymous_9)","decl":{"start":{"line":70,"column":52},"end":{"line":70,"column":53}},"loc":{"start":{"line":70,"column":74},"end":{"line":73,"column":9}},"line":70},"10":{"name":"(anonymous_10)","decl":{"start":{"line":78,"column":26},"end":{"line":78,"column":27}},"loc":{"start":{"line":78,"column":46},"end":{"line":90,"column":1}},"line":78},"11":{"name":"(anonymous_11)","decl":{"start":{"line":80,"column":34},"end":{"line":80,"column":35}},"loc":{"start":{"line":80,"column":56},"end":{"line":86,"column":9}},"line":80},"12":{"name":"(anonymous_12)","decl":{"start":{"line":91,"column":29},"end":{"line":91,"column":30}},"loc":{"start":{"line":91,"column":49},"end":{"line":103,"column":1}},"line":91},"13":{"name":"(anonymous_13)","decl":{"start":{"line":93,"column":61},"end":{"line":93,"column":62}},"loc":{"start":{"line":93,"column":83},"end":{"line":99,"column":9}},"line":93},"14":{"name":"(anonymous_14)","decl":{"start":{"line":104,"column":32},"end":{"line":104,"column":33}},"loc":{"start":{"line":104,"column":52},"end":{"line":116,"column":1}},"line":104},"15":{"name":"(anonymous_15)","decl":{"start":{"line":106,"column":65},"end":{"line":106,"column":66}},"loc":{"start":{"line":106,"column":87},"end":{"line":112,"column":9}},"line":106},"16":{"name":"(anonymous_16)","decl":{"start":{"line":121,"column":23},"end":{"line":121,"column":24}},"loc":{"start":{"line":121,"column":43},"end":{"line":131,"column":1}},"line":121},"17":{"name":"(anonymous_17)","decl":{"start":{"line":124,"column":31},"end":{"line":124,"column":32}},"loc":{"start":{"line":124,"column":51},"end":{"line":127,"column":9}},"line":124},"18":{"name":"(anonymous_18)","decl":{"start":{"line":132,"column":27},"end":{"line":132,"column":28}},"loc":{"start":{"line":132,"column":47},"end":{"line":141,"column":1}},"line":132},"19":{"name":"(anonymous_19)","decl":{"start":{"line":134,"column":43},"end":{"line":134,"column":44}},"loc":{"start":{"line":134,"column":63},"end":{"line":137,"column":9}},"line":134},"20":{"name":"(anonymous_20)","decl":{"start":{"line":142,"column":24},"end":{"line":142,"column":25}},"loc":{"start":{"line":142,"column":44},"end":{"line":176,"column":1}},"line":142},"21":{"name":"(anonymous_21)","decl":{"start":{"line":166,"column":38},"end":{"line":166,"column":39}},"loc":{"start":{"line":166,"column":58},"end":{"line":172,"column":9}},"line":166},"22":{"name":"(anonymous_22)","decl":{"start":{"line":177,"column":27},"end":{"line":177,"column":28}},"loc":{"start":{"line":177,"column":47},"end":{"line":209,"column":1}},"line":177},"23":{"name":"(anonymous_23)","decl":{"start":{"line":199,"column":63},"end":{"line":199,"column":64}},"loc":{"start":{"line":199,"column":83},"end":{"line":205,"column":9}},"line":199},"24":{"name":"(anonymous_24)","decl":{"start":{"line":210,"column":30},"end":{"line":210,"column":31}},"loc":{"start":{"line":210,"column":50},"end":{"line":222,"column":1}},"line":210},"25":{"name":"(anonymous_25)","decl":{"start":{"line":212,"column":63},"end":{"line":212,"column":64}},"loc":{"start":{"line":212,"column":83},"end":{"line":218,"column":9}},"line":212},"26":{"name":"(anonymous_26)","decl":{"start":{"line":227,"column":29},"end":{"line":227,"column":30}},"loc":{"start":{"line":227,"column":49},"end":{"line":237,"column":1}},"line":227},"27":{"name":"(anonymous_27)","decl":{"start":{"line":230,"column":37},"end":{"line":230,"column":38}},"loc":{"start":{"line":230,"column":63},"end":{"line":233,"column":9}},"line":230},"28":{"name":"(anonymous_28)","decl":{"start":{"line":238,"column":33},"end":{"line":238,"column":34}},"loc":{"start":{"line":238,"column":53},"end":{"line":247,"column":1}},"line":238},"29":{"name":"(anonymous_29)","decl":{"start":{"line":240,"column":49},"end":{"line":240,"column":50}},"loc":{"start":{"line":240,"column":75},"end":{"line":243,"column":9}},"line":240},"30":{"name":"(anonymous_30)","decl":{"start":{"line":248,"column":30},"end":{"line":248,"column":31}},"loc":{"start":{"line":248,"column":50},"end":{"line":274,"column":1}},"line":248},"31":{"name":"(anonymous_31)","decl":{"start":{"line":264,"column":45},"end":{"line":264,"column":46}},"loc":{"start":{"line":264,"column":71},"end":{"line":270,"column":9}},"line":264},"32":{"name":"(anonymous_32)","decl":{"start":{"line":275,"column":33},"end":{"line":275,"column":34}},"loc":{"start":{"line":275,"column":53},"end":{"line":299,"column":1}},"line":275},"33":{"name":"(anonymous_33)","decl":{"start":{"line":289,"column":75},"end":{"line":289,"column":76}},"loc":{"start":{"line":289,"column":101},"end":{"line":295,"column":9}},"line":289},"34":{"name":"(anonymous_34)","decl":{"start":{"line":300,"column":36},"end":{"line":300,"column":37}},"loc":{"start":{"line":300,"column":56},"end":{"line":312,"column":1}},"line":300},"35":{"name":"(anonymous_35)","decl":{"start":{"line":302,"column":69},"end":{"line":302,"column":70}},"loc":{"start":{"line":302,"column":95},"end":{"line":308,"column":9}},"line":302},"36":{"name":"(anonymous_36)","decl":{"start":{"line":315,"column":17},"end":{"line":315,"column":18}},"loc":{"start":{"line":315,"column":23},"end":{"line":317,"column":1}},"line":315}},"branchMap":{"0":{"loc":{"start":{"line":27,"column":8},"end":{"line":31,"column":9}},"type":"if","locations":[{"start":{"line":27,"column":8},"end":{"line":31,"column":9}},{"start":{"line":27,"column":8},"end":{"line":31,"column":9}}],"line":27},"1":{"loc":{"start":{"line":41,"column":12},"end":{"line":41,"column":44}},"type":"if","locations":[{"start":{"line":41,"column":12},"end":{"line":41,"column":44}},{"start":{"line":41,"column":12},"end":{"line":41,"column":44}}],"line":41},"2":{"loc":{"start":{"line":51,"column":12},"end":{"line":51,"column":44}},"type":"if","locations":[{"start":{"line":51,"column":12},"end":{"line":51,"column":44}},{"start":{"line":51,"column":12},"end":{"line":51,"column":44}}],"line":51},"3":{"loc":{"start":{"line":61,"column":12},"end":{"line":61,"column":44}},"type":"if","locations":[{"start":{"line":61,"column":12},"end":{"line":61,"column":44}},{"start":{"line":61,"column":12},"end":{"line":61,"column":44}}],"line":61},"4":{"loc":{"start":{"line":71,"column":12},"end":{"line":71,"column":44}},"type":"if","locations":[{"start":{"line":71,"column":12},"end":{"line":71,"column":44}},{"start":{"line":71,"column":12},"end":{"line":71,"column":44}}],"line":71},"5":{"loc":{"start":{"line":81,"column":12},"end":{"line":85,"column":13}},"type":"if","locations":[{"start":{"line":81,"column":12},"end":{"line":85,"column":13}},{"start":{"line":81,"column":12},"end":{"line":85,"column":13}}],"line":81},"6":{"loc":{"start":{"line":94,"column":12},"end":{"line":98,"column":13}},"type":"if","locations":[{"start":{"line":94,"column":12},"end":{"line":98,"column":13}},{"start":{"line":94,"column":12},"end":{"line":98,"column":13}}],"line":94},"7":{"loc":{"start":{"line":107,"column":12},"end":{"line":111,"column":13}},"type":"if","locations":[{"start":{"line":107,"column":12},"end":{"line":111,"column":13}},{"start":{"line":107,"column":12},"end":{"line":111,"column":13}}],"line":107},"8":{"loc":{"start":{"line":125,"column":12},"end":{"line":125,"column":44}},"type":"if","locations":[{"start":{"line":125,"column":12},"end":{"line":125,"column":44}},{"start":{"line":125,"column":12},"end":{"line":125,"column":44}}],"line":125},"9":{"loc":{"start":{"line":135,"column":12},"end":{"line":135,"column":44}},"type":"if","locations":[{"start":{"line":135,"column":12},"end":{"line":135,"column":44}},{"start":{"line":135,"column":12},"end":{"line":135,"column":44}}],"line":135},"10":{"loc":{"start":{"line":167,"column":12},"end":{"line":171,"column":13}},"type":"if","locations":[{"start":{"line":167,"column":12},"end":{"line":171,"column":13}},{"start":{"line":167,"column":12},"end":{"line":171,"column":13}}],"line":167},"11":{"loc":{"start":{"line":200,"column":12},"end":{"line":204,"column":13}},"type":"if","locations":[{"start":{"line":200,"column":12},"end":{"line":204,"column":13}},{"start":{"line":200,"column":12},"end":{"line":204,"column":13}}],"line":200},"12":{"loc":{"start":{"line":213,"column":12},"end":{"line":217,"column":13}},"type":"if","locations":[{"start":{"line":213,"column":12},"end":{"line":217,"column":13}},{"start":{"line":213,"column":12},"end":{"line":217,"column":13}}],"line":213},"13":{"loc":{"start":{"line":231,"column":12},"end":{"line":231,"column":44}},"type":"if","locations":[{"start":{"line":231,"column":12},"end":{"line":231,"column":44}},{"start":{"line":231,"column":12},"end":{"line":231,"column":44}}],"line":231},"14":{"loc":{"start":{"line":241,"column":12},"end":{"line":241,"column":44}},"type":"if","locations":[{"start":{"line":241,"column":12},"end":{"line":241,"column":44}},{"start":{"line":241,"column":12},"end":{"line":241,"column":44}}],"line":241},"15":{"loc":{"start":{"line":265,"column":12},"end":{"line":269,"column":13}},"type":"if","locations":[{"start":{"line":265,"column":12},"end":{"line":269,"column":13}},{"start":{"line":265,"column":12},"end":{"line":269,"column":13}}],"line":265},"16":{"loc":{"start":{"line":290,"column":12},"end":{"line":294,"column":13}},"type":"if","locations":[{"start":{"line":290,"column":12},"end":{"line":294,"column":13}},{"start":{"line":290,"column":12},"end":{"line":294,"column":13}}],"line":290},"17":{"loc":{"start":{"line":303,"column":12},"end":{"line":307,"column":13}},"type":"if","locations":[{"start":{"line":303,"column":12},"end":{"line":307,"column":13}},{"start":{"line":303,"column":12},"end":{"line":307,"column":13}}],"line":303}},"s":{"0":0,"1":0,"2":0,"3":0,"4":0,"5":0,"6":0,"7":0,"8":0,"9":0,"10":0,"11":0,"12":0,"13":0,"14":0,"15":0,"16":0,"17":0,"18":0,"19":0,"20":0,"21":0,"22":0,"23":0,"24":0,"25":0,"26":0,"27":0,"28":0,"29":0,"30":0,"31":0,"32":0,"33":0,"34":0,"35":0,"36":0,"37":0,"38":0,"39":0,"40":0,"41":0,"42":0,"43":0,"44":0,"45":0,"46":0,"47":0,"48":0,"49":0,"50":0,"51":0,"52":0,"53":0,"54":0,"55":0,"56":0,"57":0,"58":0,"59":0,"60":0,"61":0,"62":0,"63":0,"64":0,"65":0,"66":0,"67":0,"68":0,"69":0,"70":0,"71":0,"72":0,"73":0,"74":0,"75":0,"76":0,"77":0,"78":0,"79":0,"80":0,"81":0,"82":0,"83":0,"84":0,"85":0,"86":0,"87":0,"88":0,"89":0,"90":0,"91":0,"92":0,"93":0,"94":0,"95":0,"96":0,"97":0,"98":0,"99":0,"100":0,"101":0,"102":0,"103":0,"104":0,"105":0,"106":0,"107":0,"108":0,"109":0,"110":0,"111":0,"112":0,"113":0,"114":0,"115":0,"116":0,"117":0,"118":0,"119":0,"120":0,"121":0,"122":0,"123":0,"124":0,"125":0,"126":0,"127":0,"128":0,"129":0,"130":0,"131":0,"132":0,"133":0,"134":0,"135":0,"136":0,"137":0,"138":0,"139":0,"140":0,"141":0,"142":0,"143":0,"144":0,"145":0,"146":0,"147":0,"148":0,"149":0,"150":0,"151":0,"152":0,"153":0,"154":0,"155":0,"156":0,"157":0,"158":0,"159":0,"160":0,"161":0,"162":0,"163":0,"164":0,"165":0,"166":0,"167":0,"168":0,"169":0,"170":0,"171":0,"172":0},"f":{"0":0,"1":0,"2":0,"3":0,"4":0,"5":0,"6":0,"7":0,"8":0,"9":0,"10":0,"11":0,"12":0,"13":0,"14":0,"15":0,"16":0,"17":0,"18":0,"19":0,"20":0,"21":0,"22":0,"23":0,"24":0,"25":0,"26":0,"27":0,"28":0,"29":0,"30":0,"31":0,"32":0,"33":0,"34":0,"35":0,"36":0},"b":{"0":[0,0],"1":[0,0],"2":[0,0],"3":[0,0],"4":[0,0],"5":[0,0],"6":[0,0],"7":[0,0],"8":[0,0],"9":[0,0],"10":[0,0],"11":[0,0],"12":[0,0],"13":[0,0],"14":[0,0],"15":[0,0],"16":[0,0],"17":[0,0]}}
,"C:\\RP\\masterji\\mock_diagnostics\\util.js": {"path":"C:\\RP\\masterji\\mock_diagnostics\\util.js","statementMap":{"0":{"start":{"line":1,"column":0},"end":{"line":7,"column":1}},"1":{"start":{"line":2,"column":4},"end":{"line":6,"column":6}},"2":{"start":{"line":9,"column":0},"end":{"line":15,"column":1}},"3":{"start":{"line":10,"column":4},"end":{"line":14,"column":6}}},"fnMap":{"0":{"name":"(anonymous_0)","decl":{"start":{"line":1,"column":26},"end":{"line":1,"column":27}},"loc":{"start":{"line":1,"column":48},"end":{"line":7,"column":1}},"line":1},"1":{"name":"(anonymous_1)","decl":{"start":{"line":9,"column":28},"end":{"line":9,"column":29}},"loc":{"start":{"line":9,"column":51},"end":{"line":15,"column":1}},"line":9}},"branchMap":{},"s":{"0":1,"1":0,"2":1,"3":1},"f":{"0":0,"1":1},"b":{},"_coverageSchema":"1a1c01bbd47fc00a2c39e90264f33305004495a9","hash":"03a2b3967c65fe648c6864fb5dea1a9a81ab5b1a"}
}
